#-----------------------------------------------------------
# Vivado v2020.2 (64-bit)
# SW Build 3064766 on Wed Nov 18 09:12:45 MST 2020
# IP Build 3064653 on Wed Nov 18 14:17:31 MST 2020
# Start of session at: Mon Feb 14 11:32:58 2022
# Process ID: 5884
# Current directory: C:/Users/Leon/Documents/Universidad/3_GIERM/Sist_Electronicos/Proyecto FPGA/Proyecto_Sokoban_Definitivo/Proyecto_FPGA_Sokoban/Proyecto_Sokoban
# Command line: vivado.exe -gui_launcher_event rodinguilauncherevent2980 C:\Users\Leon\Documents\Universidad\3_GIERM\Sist_Electronicos\Proyecto FPGA\Proyecto_Sokoban_Definitivo\Proyecto_FPGA_Sokoban\Proyecto_Sokoban\Proyecto_Sokoban.xpr
# Log file: C:/Users/Leon/Documents/Universidad/3_GIERM/Sist_Electronicos/Proyecto FPGA/Proyecto_Sokoban_Definitivo/Proyecto_FPGA_Sokoban/Proyecto_Sokoban/vivado.log
# Journal file: C:/Users/Leon/Documents/Universidad/3_GIERM/Sist_Electronicos/Proyecto FPGA/Proyecto_Sokoban_Definitivo/Proyecto_FPGA_Sokoban/Proyecto_Sokoban\vivado.jou
#-----------------------------------------------------------
start_gui
open_project {C:/Users/Leon/Documents/Universidad/3_GIERM/Sist_Electronicos/Proyecto FPGA/Proyecto_Sokoban_Definitivo/Proyecto_FPGA_Sokoban/Proyecto_Sokoban/Proyecto_Sokoban.xpr}
INFO: [ProjectBase 1-489] The host OS only allows 260 characters in a normal path. The project is stored in a path with more than 80 characters. If you experience issues with IP, Block Designs, or files not being found, please consider moving the project to a location with a shorter path. Alternately consider using the OS subst command to map part of the path to a drive letter.
Current project path is 'C:/Users/Leon/Documents/Universidad/3_GIERM/Sist_Electronicos/Proyecto FPGA/Proyecto_Sokoban_Definitivo/Proyecto_FPGA_Sokoban/Proyecto_Sokoban'
INFO: [Project 1-313] Project file moved from 'C:/Users/alvar/OneDrive/Escritorio/Proyecto_FPGA_Sokoban/Proyecto_Sokoban' since last save.
CRITICAL WARNING: [Project 1-311] Could not find the file 'C:/Users/Leon/Documents/Universidad/3_GIERM/Sist_Electronicos/Proyecto FPGA/Proyecto_Sokoban_Definitivo/Proyecto_FPGA_Sokoban/Proyecto_Sokoban/Proyecto_Sokoban.srcs/sources_1/new/logica_fin_juego.vhd', nor could it be found using path 'C:/Users/alvar/OneDrive/Escritorio/Proyecto_FPGA_Sokoban/Proyecto_Sokoban/Proyecto_Sokoban.srcs/sources_1/new/logica_fin_juego.vhd'.
CRITICAL WARNING: [Project 1-311] Could not find the file 'C:/Users/Leon/Documents/Universidad/3_GIERM/Sist_Electronicos/Proyecto FPGA/Proyecto_Sokoban_Definitivo/Proyecto_FPGA_Sokoban/Proyecto_Sokoban/memoria_sprites_sin_comentarios.coe', nor could it be found using path 'C:/Users/alvar/OneDrive/Escritorio/Proyecto_FPGA_Sokoban/Proyecto_Sokoban/memoria_sprites_sin_comentarios.coe'.
CRITICAL WARNING: [Project 1-311] Could not find the file 'C:/Users/Leon/Documents/Universidad/3_GIERM/Sist_Electronicos/Proyecto FPGA/Proyecto_Sokoban_Definitivo/Proyecto_FPGA_Sokoban/Proyecto_Sokoban/tb_Top_proyecto_behav.wcfg', nor could it be found using path 'C:/Users/alvar/OneDrive/Escritorio/Proyecto_FPGA_Sokoban/Proyecto_Sokoban/tb_Top_proyecto_behav.wcfg'.
Scanning sources...
Finished scanning sources
INFO: [IP_Flow 19-234] Refreshing IP repositories
INFO: [IP_Flow 19-1704] No user IP repositories specified
INFO: [IP_Flow 19-2313] Loaded Vivado IP repository 'C:/Xilinx/Vivado/2020.2/data/ip'.
open_project: Time (s): cpu = 00:00:26 ; elapsed = 00:00:25 . Memory (MB): peak = 989.730 ; gain = 0.000
update_compile_order -fileset sources_1
export_ip_user_files -of_objects  [get_files {{C:/Users/Leon/Documents/Universidad/3_GIERM/Sist_Electronicos/Proyecto FPGA/Proyecto_Sokoban_Definitivo/Proyecto_FPGA_Sokoban/Proyecto_Sokoban/Proyecto_Sokoban.srcs/sources_1/new/logica_fin_juego.vhd}}] -no_script -reset -force -quiet
remove_files  {{C:/Users/Leon/Documents/Universidad/3_GIERM/Sist_Electronicos/Proyecto FPGA/Proyecto_Sokoban_Definitivo/Proyecto_FPGA_Sokoban/Proyecto_Sokoban/Proyecto_Sokoban.srcs/sources_1/new/logica_fin_juego.vhd}}
add_files -norecurse {{C:/Users/Leon/Documents/Universidad/3_GIERM/Sist_Electronicos/Proyecto FPGA/Proyecto_Sokoban_Definitivo/Proyecto_FPGA_Sokoban/Proyecto_Sokoban/Proyecto_Sokoban.srcs/sources_1/new/logica_fin_tiempo.vhd}}
update_compile_order -fileset sources_1
exit
INFO: [Common 17-206] Exiting Vivado at Mon Feb 14 11:38:50 2022...
