#-----------------------------------------------------------
# Vivado v2020.2 (64-bit)
# SW Build 3064766 on Wed Nov 18 09:12:45 MST 2020
# IP Build 3064653 on Wed Nov 18 14:17:31 MST 2020
# Start of session at: Mon Feb 14 11:40:03 2022
# Process ID: 5616
# Current directory: C:/Users/Leon/Documents/Universidad/3_GIERM/Sist_Electronicos/Proyecto FPGA/Proyecto_Sokoban_Definitivo/Proyecto_FPGA_Sokoban/Proyecto_Sokoban
# Command line: vivado.exe -gui_launcher_event rodinguilauncherevent5276 C:\Users\Leon\Documents\Universidad\3_GIERM\Sist_Electronicos\Proyecto FPGA\Proyecto_Sokoban_Definitivo\Proyecto_FPGA_Sokoban\Proyecto_Sokoban\Proyecto_Sokoban.xpr
# Log file: C:/Users/Leon/Documents/Universidad/3_GIERM/Sist_Electronicos/Proyecto FPGA/Proyecto_Sokoban_Definitivo/Proyecto_FPGA_Sokoban/Proyecto_Sokoban/vivado.log
# Journal file: C:/Users/Leon/Documents/Universidad/3_GIERM/Sist_Electronicos/Proyecto FPGA/Proyecto_Sokoban_Definitivo/Proyecto_FPGA_Sokoban/Proyecto_Sokoban\vivado.jou
#-----------------------------------------------------------
start_gui
open_project {C:/Users/Leon/Documents/Universidad/3_GIERM/Sist_Electronicos/Proyecto FPGA/Proyecto_Sokoban_Definitivo/Proyecto_FPGA_Sokoban/Proyecto_Sokoban/Proyecto_Sokoban.xpr}
INFO: [ProjectBase 1-489] The host OS only allows 260 characters in a normal path. The project is stored in a path with more than 80 characters. If you experience issues with IP, Block Designs, or files not being found, please consider moving the project to a location with a shorter path. Alternately consider using the OS subst command to map part of the path to a drive letter.
Current project path is 'C:/Users/Leon/Documents/Universidad/3_GIERM/Sist_Electronicos/Proyecto FPGA/Proyecto_Sokoban_Definitivo/Proyecto_FPGA_Sokoban/Proyecto_Sokoban'
CRITICAL WARNING: [Project 1-19] Could not find the file 'C:/Users/Leon/Documents/Universidad/3_GIERM/Sist_Electronicos/Proyecto FPGA/Proyecto_Sokoban_Definitivo/Proyecto_FPGA_Sokoban/Proyecto_Sokoban/Proyecto_Sokoban.srcs/sources_1/imports/Contador de tiempo/cont_digito_10.vhd'.
CRITICAL WARNING: [Project 1-19] Could not find the file 'C:/Users/Leon/Documents/Universidad/3_GIERM/Sist_Electronicos/Proyecto FPGA/Proyecto_Sokoban_Definitivo/Proyecto_FPGA_Sokoban/Proyecto_Sokoban/Proyecto_Sokoban.srcs/sources_1/imports/Contador de tiempo/cont_digito_6.vhd'.
CRITICAL WARNING: [Project 1-19] Could not find the file 'C:/Users/Leon/Documents/Universidad/3_GIERM/Sist_Electronicos/Proyecto FPGA/Proyecto_Sokoban_Definitivo/Proyecto_FPGA_Sokoban/Proyecto_Sokoban/Proyecto_Sokoban.srcs/sources_1/imports/Contador de tiempo/div_frec_4.vhd'.
CRITICAL WARNING: [Project 1-19] Could not find the file 'C:/Users/Leon/Documents/Universidad/3_GIERM/Sist_Electronicos/Proyecto FPGA/Proyecto_Sokoban_Definitivo/Proyecto_FPGA_Sokoban/Proyecto_Sokoban/Proyecto_Sokoban.srcs/sources_1/imports/Contador de tiempo/siete_seg_4.vhd'.
CRITICAL WARNING: [Project 1-19] Could not find the file 'C:/Users/Leon/Documents/Universidad/3_GIERM/Sist_Electronicos/Proyecto FPGA/Proyecto_Sokoban_Definitivo/Proyecto_FPGA_Sokoban/Proyecto_Sokoban/memoria_sprites_sin_comentarios.coe'.
CRITICAL WARNING: [Project 1-19] Could not find the file 'C:/Users/Leon/Documents/Universidad/3_GIERM/Sist_Electronicos/Proyecto FPGA/Proyecto_Sokoban_Definitivo/Proyecto_FPGA_Sokoban/Proyecto_Sokoban/tb_Top_proyecto_behav.wcfg'.
Scanning sources...
Finished scanning sources
INFO: [IP_Flow 19-234] Refreshing IP repositories
INFO: [IP_Flow 19-1704] No user IP repositories specified
INFO: [IP_Flow 19-2313] Loaded Vivado IP repository 'C:/Xilinx/Vivado/2020.2/data/ip'.
open_project: Time (s): cpu = 00:00:24 ; elapsed = 00:00:11 . Memory (MB): peak = 1009.918 ; gain = 0.000
update_compile_order -fileset sources_1
update_files -from_files {{C:/Users/Leon/Documents/Universidad/3_GIERM/Sist_Electronicos/Proyecto FPGA/Proyecto_Sokoban_Definitivo/Proyecto_FPGA_Sokoban/Proyecto_Sokoban/Proyecto_Sokoban.srcs/sources_1/new/cont_digito_10.vhd}} -to_files {{C:/Users/Leon/Documents/Universidad/3_GIERM/Sist_Electronicos/Proyecto FPGA/Proyecto_Sokoban_Definitivo/Proyecto_FPGA_Sokoban/Proyecto_Sokoban/Proyecto_Sokoban.srcs/sources_1/imports/Contador de tiempo/cont_digito_10.vhd}} -filesets [get_filesets *]
INFO: [filemgmt 20-762] Replacing file 'C:/Users/Leon/Documents/Universidad/3_GIERM/Sist_Electronicos/Proyecto FPGA/Proyecto_Sokoban_Definitivo/Proyecto_FPGA_Sokoban/Proyecto_Sokoban/Proyecto_Sokoban.srcs/sources_1/imports/Contador de tiempo/cont_digito_10.vhd' with file 'C:/Users/Leon/Documents/Universidad/3_GIERM/Sist_Electronicos/Proyecto FPGA/Proyecto_Sokoban_Definitivo/Proyecto_FPGA_Sokoban/Proyecto_Sokoban/Proyecto_Sokoban.srcs/sources_1/new/cont_digito_10.vhd'.
INFO: [filemgmt 20-1080] Importing file from 'C:/Users/Leon/Documents/Universidad/3_GIERM/Sist_Electronicos/Proyecto FPGA/Proyecto_Sokoban_Definitivo/Proyecto_FPGA_Sokoban/Proyecto_Sokoban/Proyecto_Sokoban.srcs/sources_1/new/cont_digito_10.vhd' to 'C:/Users/Leon/Documents/Universidad/3_GIERM/Sist_Electronicos/Proyecto FPGA/Proyecto_Sokoban_Definitivo/Proyecto_FPGA_Sokoban/Proyecto_Sokoban/Proyecto_Sokoban.srcs/sources_1/imports/Contador de tiempo/cont_digito_10.vhd'.
ERROR: [filemgmt 20-1081] Replace file failure for imported file. Reimport failed. Error copying file locally: C:/Users/Leon/Documents/Universidad/3_GIERM/Sist_Electronicos/Proyecto FPGA/Proyecto_Sokoban_Definitivo/Proyecto_FPGA_Sokoban/Proyecto_Sokoban/Proyecto_Sokoban.srcs/sources_1/new/cont_digito_10.vhd
ERROR: [Common 17-39] 'update_files' failed due to earlier errors.
export_ip_user_files -of_objects  [get_files {{C:/Users/Leon/Documents/Universidad/3_GIERM/Sist_Electronicos/Proyecto FPGA/Proyecto_Sokoban_Definitivo/Proyecto_FPGA_Sokoban/Proyecto_Sokoban/Proyecto_Sokoban.srcs/sources_1/imports/Contador de tiempo/cont_digito_10.vhd}}] -no_script -reset -force -quiet
remove_files  {{C:/Users/Leon/Documents/Universidad/3_GIERM/Sist_Electronicos/Proyecto FPGA/Proyecto_Sokoban_Definitivo/Proyecto_FPGA_Sokoban/Proyecto_Sokoban/Proyecto_Sokoban.srcs/sources_1/imports/Contador de tiempo/cont_digito_10.vhd}}
remove_files  {{C:/Users/Leon/Documents/Universidad/3_GIERM/Sist_Electronicos/Proyecto FPGA/Proyecto_Sokoban_Definitivo/Proyecto_FPGA_Sokoban/Proyecto_Sokoban/Proyecto_Sokoban.srcs/sources_1/imports/Contador de tiempo/cont_digito_10.vhd}}
WARNING: [Vivado 12-818] No files matched 'C:/Users/Leon/Documents/Universidad/3_GIERM/Sist_Electronicos/Proyecto FPGA/Proyecto_Sokoban_Definitivo/Proyecto_FPGA_Sokoban/Proyecto_Sokoban/Proyecto_Sokoban.srcs/sources_1/imports/Contador de tiempo/cont_digito_10.vhd'
export_ip_user_files -of_objects  [get_files {{C:/Users/Leon/Documents/Universidad/3_GIERM/Sist_Electronicos/Proyecto FPGA/Proyecto_Sokoban_Definitivo/Proyecto_FPGA_Sokoban/Proyecto_Sokoban/Proyecto_Sokoban.srcs/sources_1/imports/Contador de tiempo/cont_digito_6.vhd}}] -no_script -reset -force -quiet
remove_files  {{C:/Users/Leon/Documents/Universidad/3_GIERM/Sist_Electronicos/Proyecto FPGA/Proyecto_Sokoban_Definitivo/Proyecto_FPGA_Sokoban/Proyecto_Sokoban/Proyecto_Sokoban.srcs/sources_1/imports/Contador de tiempo/cont_digito_6.vhd}}
export_ip_user_files -of_objects  [get_files {{C:/Users/Leon/Documents/Universidad/3_GIERM/Sist_Electronicos/Proyecto FPGA/Proyecto_Sokoban_Definitivo/Proyecto_FPGA_Sokoban/Proyecto_Sokoban/Proyecto_Sokoban.srcs/sources_1/imports/Contador de tiempo/div_frec_4.vhd}}] -no_script -reset -force -quiet
remove_files  {{C:/Users/Leon/Documents/Universidad/3_GIERM/Sist_Electronicos/Proyecto FPGA/Proyecto_Sokoban_Definitivo/Proyecto_FPGA_Sokoban/Proyecto_Sokoban/Proyecto_Sokoban.srcs/sources_1/imports/Contador de tiempo/div_frec_4.vhd}}
export_ip_user_files -of_objects  [get_files {{C:/Users/Leon/Documents/Universidad/3_GIERM/Sist_Electronicos/Proyecto FPGA/Proyecto_Sokoban_Definitivo/Proyecto_FPGA_Sokoban/Proyecto_Sokoban/Proyecto_Sokoban.srcs/sources_1/imports/Contador de tiempo/siete_seg_4.vhd}}] -no_script -reset -force -quiet
remove_files  {{C:/Users/Leon/Documents/Universidad/3_GIERM/Sist_Electronicos/Proyecto FPGA/Proyecto_Sokoban_Definitivo/Proyecto_FPGA_Sokoban/Proyecto_Sokoban/Proyecto_Sokoban.srcs/sources_1/imports/Contador de tiempo/siete_seg_4.vhd}}
add_files -norecurse {{C:/Users/Leon/Documents/Universidad/3_GIERM/Sist_Electronicos/Proyecto FPGA/Proyecto_Sokoban_Definitivo/Proyecto_FPGA_Sokoban/Proyecto_Sokoban/Proyecto_Sokoban.srcs/sources_1/new/top_contador.vhd}}
update_compile_order -fileset sources_1
export_ip_user_files -of_objects  [get_files {{C:/Users/Leon/Documents/Universidad/3_GIERM/Sist_Electronicos/Proyecto FPGA/Proyecto_Sokoban_Definitivo/Proyecto_FPGA_Sokoban/Proyecto_Sokoban/memoria_sprites_sin_comentarios.coe}}] -no_script -reset -force -quiet
remove_files  {{C:/Users/Leon/Documents/Universidad/3_GIERM/Sist_Electronicos/Proyecto FPGA/Proyecto_Sokoban_Definitivo/Proyecto_FPGA_Sokoban/Proyecto_Sokoban/memoria_sprites_sin_comentarios.coe}}
exit
INFO: [Common 17-206] Exiting Vivado at Mon Feb 14 11:49:30 2022...
